<?xml version="1.0" encoding="UTF-8"?>
<!-- Generated by org.testng.reporters.JUnitReportReporter -->
<testsuite hostname="shaniyas-MacBook-Pro.local" failures="0" tests="2" name="com.tdd.tests.LoginPageTest" time="38.537" errors="0" timestamp="17 Jun 2023 04:14:37 GMT" skipped="0">
  <testcase classname="com.tdd.tests.LoginPageTest" name="demoExcel" time="26.427"/>
  <testcase classname="com.tdd.tests.LoginPageTest" name="aurl" time="12.110"/>
</testsuite> <!-- com.tdd.tests.LoginPageTest -->
